0 info it worked if it ends with ok
1 verbose cli [ '/usr/local/bin/node',
1 verbose cli   '/usr/local/bin/npm',
1 verbose cli   'install',
1 verbose cli   'babel-loader',
1 verbose cli   '–save-dev' ]
2 info using npm@3.8.9
3 info using node@v6.2.0
4 silly loadCurrentTree Starting
5 silly install loadCurrentTree
6 silly install readLocalPackageData
7 silly fetchPackageMetaData babel-loader
8 silly fetchPackageMetaData –save-dev
9 silly fetchNamedPackageData babel-loader
10 silly mapToRegistry name babel-loader
11 silly mapToRegistry using default registry
12 silly mapToRegistry registry https://registry.npmjs.org/
13 silly mapToRegistry data Result {
13 silly mapToRegistry   raw: 'babel-loader',
13 silly mapToRegistry   scope: null,
13 silly mapToRegistry   name: 'babel-loader',
13 silly mapToRegistry   rawSpec: '',
13 silly mapToRegistry   spec: 'latest',
13 silly mapToRegistry   type: 'tag' }
14 silly mapToRegistry uri https://registry.npmjs.org/babel-loader
15 silly fetchOtherPackageData –save-dev
16 silly cache add args [ '–save-dev', null ]
17 verbose cache add spec –save-dev
18 silly cache add parsed spec Result {
18 silly cache add   raw: '–save-dev',
18 silly cache add   scope: null,
18 silly cache add   name: null,
18 silly cache add   rawSpec: '–save-dev',
18 silly cache add   spec: '/Users/achar/Projects/study/webpack/–save-dev',
18 silly cache add   type: 'local' }
19 error addLocal Could not install /Users/achar/Projects/study/webpack/–save-dev
20 silly fetchPackageMetaData Error: ENOENT: no such file or directory, open '/Users/achar/Projects/study/webpack/–save-dev'
20 silly fetchPackageMetaData     at Error (native)
20 silly fetchPackageMetaData  error for –save-dev { Error: ENOENT: no such file or directory, open '/Users/achar/Projects/study/webpack/–save-dev'
20 silly fetchPackageMetaData     at Error (native)
20 silly fetchPackageMetaData   errno: -2,
20 silly fetchPackageMetaData   code: 'ENOENT',
20 silly fetchPackageMetaData   syscall: 'open',
20 silly fetchPackageMetaData   path: '/Users/achar/Projects/study/webpack/–save-dev' }
21 verbose request uri https://registry.npmjs.org/babel-loader
22 verbose request no auth needed
23 info attempt registry request try #1 at 12:54:51
24 verbose request id 34a5d7dbf4ab64be
25 verbose etag W/"5858f26e-fb86"
26 verbose lastModified Tue, 20 Dec 2016 08:57:18 GMT
27 http request GET https://registry.npmjs.org/babel-loader
28 info retry will retry, error on last attempt: TypeError: The header content contains invalid characters
29 info attempt registry request try #2 at 12:55:01
30 verbose etag W/"5858f26e-fb86"
31 verbose lastModified Tue, 20 Dec 2016 08:57:18 GMT
32 http request GET https://registry.npmjs.org/babel-loader
33 info retry will retry, error on last attempt: TypeError: The header content contains invalid characters
34 info attempt registry request try #3 at 12:56:01
35 verbose etag W/"5858f26e-fb86"
36 verbose lastModified Tue, 20 Dec 2016 08:57:18 GMT
37 http request GET https://registry.npmjs.org/babel-loader
38 silly get cb [ 304, undefined ]
39 verbose etag https://registry.npmjs.org/babel-loader from cache
40 verbose get saving babel-loader to /Users/achar/.npm/registry.npmjs.org/babel-loader/.cache.json
41 verbose correctMkdir /Users/achar/.npm correctMkdir not in flight; initializing
42 silly rollbackFailedOptional Starting
43 silly rollbackFailedOptional Finishing
44 silly runTopLevelLifecycles Starting
45 silly runTopLevelLifecycles Finishing
46 silly install printInstalled
47 verbose stack Error: ENOENT: no such file or directory, open '/Users/achar/Projects/study/webpack/–save-dev'
47 verbose stack     at Error (native)
48 verbose cwd /Users/achar/Projects/study/webpack
49 error Darwin 16.1.0
50 error argv "/usr/local/bin/node" "/usr/local/bin/npm" "install" "babel-loader" "–save-dev"
51 error node v6.2.0
52 error npm  v3.8.9
53 error path /Users/achar/Projects/study/webpack/–save-dev
54 error code ENOENT
55 error errno -2
56 error syscall open
57 error enoent ENOENT: no such file or directory, open '/Users/achar/Projects/study/webpack/–save-dev'
58 error enoent ENOENT: no such file or directory, open '/Users/achar/Projects/study/webpack/–save-dev'
58 error enoent This is most likely not a problem with npm itself
58 error enoent and is related to npm not being able to find a file.
59 verbose exit [ -2, true ]
